\BOOKMARK [1][-]{section.1}{\376\377\000A\000b\000s\000t\000r\000a\000c\000t}{}% 1
\BOOKMARK [1][-]{section.2}{\376\377\000B\000a\000c\000k\000g\000r\000o\000u\000n\000d\000\040\000o\000f\000\040\000t\000h\000e\000\040\000I\000n\000v\000e\000n\000t\000i\000o\000n}{}% 2
\BOOKMARK [1][-]{section.3}{\376\377\000D\000e\000s\000c\000r\000i\000p\000t\000i\000o\000n\000\040\000o\000f\000\040\000t\000h\000e\000\040\000R\000e\000l\000a\000t\000e\000d\000\040\000A\000r\000t}{}% 3
\BOOKMARK [1][-]{section.4}{\376\377\000S\000u\000m\000m\000a\000r\000y\000\040\000o\000f\000\040\000t\000h\000e\000\040\000I\000n\000v\000e\000n\000t\000i\000o\000n}{}% 4
\BOOKMARK [2][-]{subsection.4.1}{\376\377\000O\000b\000j\000e\000c\000t\000\040\000G\000r\000o\000u\000p\000i\000n\000g\000\040\000i\000n\000\040\000C\000A\000D\000\040\000M\000o\000d\000e\000l\000s}{section.4}% 5
\BOOKMARK [2][-]{subsection.4.2}{\376\377\000F\000o\000r\000m\000\040\000I\000s\000o\000l\000a\000t\000i\000o\000n\000\040\000t\000h\000r\000o\000u\000g\000h\000\040\000S\000y\000s\000t\000e\000m\000a\000t\000i\000c\000\040\000V\000a\000r\000i\000a\000t\000i\000o\000n}{section.4}% 6
\BOOKMARK [2][-]{subsection.4.3}{\376\377\000A\000u\000t\000o\000m\000a\000t\000e\000d\000\040\000S\000e\000m\000a\000n\000t\000i\000c\000\040\000L\000a\000b\000e\000l\000\040\000G\000e\000n\000e\000r\000a\000t\000i\000o\000n}{section.4}% 7
\BOOKMARK [2][-]{subsection.4.4}{\376\377\000A\000I\000\040\000M\000o\000d\000e\000l\000\040\000T\000r\000a\000i\000n\000i\000n\000g\000\040\000u\000s\000i\000n\000g\000\040\000L\000o\000R\000A}{section.4}% 8
\BOOKMARK [2][-]{subsection.4.5}{\376\377\000A\000I\000-\000A\000s\000s\000i\000s\000t\000e\000d\000\040\000D\000e\000s\000i\000g\000n\000\040\000I\000n\000t\000e\000r\000f\000a\000c\000e\000\040\000w\000i\000t\000h\000\040\000A\000d\000v\000a\000n\000c\000e\000d\000\040\000F\000e\000a\000t\000u\000r\000e\000s}{section.4}% 9
\BOOKMARK [1][-]{section.5}{\376\377\000B\000r\000i\000e\000f\000\040\000D\000e\000s\000c\000r\000i\000p\000t\000i\000o\000n\000\040\000o\000f\000\040\000t\000h\000e\000\040\000D\000r\000a\000w\000i\000n\000g\000s}{}% 10
\BOOKMARK [1][-]{section.6}{\376\377\000D\000e\000t\000a\000i\000l\000e\000d\000\040\000D\000e\000s\000c\000r\000i\000p\000t\000i\000o\000n\000\040\000o\000f\000\040\000t\000h\000e\000\040\000I\000n\000v\000e\000n\000t\000i\000o\000n}{}% 11
\BOOKMARK [2][-]{subsection.6.1}{\376\377\000O\000b\000j\000e\000c\000t\000\040\000G\000r\000o\000u\000p\000i\000n\000g\000\040\000i\000n\000\040\000C\000A\000D\000\040\000M\000o\000d\000e\000l\000s}{section.6}% 12
\BOOKMARK [2][-]{subsection.6.2}{\376\377\000F\000o\000r\000m\000\040\000I\000s\000o\000l\000a\000t\000i\000o\000n\000\040\000t\000h\000r\000o\000u\000g\000h\000\040\000S\000y\000s\000t\000e\000m\000a\000t\000i\000c\000\040\000V\000a\000r\000i\000a\000t\000i\000o\000n}{section.6}% 13
\BOOKMARK [2][-]{subsection.6.3}{\376\377\000A\000u\000t\000o\000m\000a\000t\000e\000d\000\040\000S\000e\000m\000a\000n\000t\000i\000c\000\040\000L\000a\000b\000e\000l\000\040\000G\000e\000n\000e\000r\000a\000t\000i\000o\000n}{section.6}% 14
\BOOKMARK [2][-]{subsection.6.4}{\376\377\000A\000I\000\040\000M\000o\000d\000e\000l\000\040\000T\000r\000a\000i\000n\000i\000n\000g\000\040\000u\000s\000i\000n\000g\000\040\000L\000o\000R\000A}{section.6}% 15
\BOOKMARK [2][-]{subsection.6.5}{\376\377\000A\000I\000-\000A\000s\000s\000i\000s\000t\000e\000d\000\040\000D\000e\000s\000i\000g\000n\000\040\000I\000n\000t\000e\000r\000f\000a\000c\000e\000\040\000w\000i\000t\000h\000\040\000A\000d\000v\000a\000n\000c\000e\000d\000\040\000F\000e\000a\000t\000u\000r\000e\000s}{section.6}% 16
\BOOKMARK [3][-]{subsubsection.6.5.1}{\376\377\000A\000u\000t\000o\000m\000a\000t\000e\000d\000\040\000F\000i\000l\000e\000\040\000M\000a\000n\000a\000g\000e\000m\000e\000n\000t}{subsection.6.5}% 17
\BOOKMARK [3][-]{subsubsection.6.5.2}{\376\377\000D\000e\000t\000a\000i\000l\000e\000d\000\040\000C\000l\000o\000s\000e\000-\000U\000p\000s}{subsection.6.5}% 18
\BOOKMARK [3][-]{subsubsection.6.5.3}{\376\377\000L\000o\000c\000a\000t\000i\000o\000n\000-\000B\000a\000s\000e\000d\000\040\000B\000a\000c\000k\000g\000r\000o\000u\000n\000d\000s}{subsection.6.5}% 19
\BOOKMARK [3][-]{subsubsection.6.5.4}{\376\377\000M\000a\000s\000s\000\040\000\046\000\040\000V\000o\000l\000u\000m\000e\000\040\000C\000a\000l\000c\000u\000l\000a\000t\000i\000o\000n\000s}{subsection.6.5}% 20
\BOOKMARK [3][-]{subsubsection.6.5.5}{\376\377\000D\000e\000s\000i\000g\000n\000\040\000C\000a\000l\000l\000o\000u\000t\000s}{subsection.6.5}% 21
\BOOKMARK [3][-]{subsubsection.6.5.6}{\376\377\000C\000h\000a\000r\000a\000c\000t\000e\000r\000\040\000C\000o\000n\000t\000i\000n\000u\000i\000t\000y}{subsection.6.5}% 22
\BOOKMARK [3][-]{subsubsection.6.5.7}{\376\377\000D\000y\000n\000a\000m\000i\000c\000\040\000U\000I\000\040\000S\000l\000i\000d\000e\000r\000s}{subsection.6.5}% 23
\BOOKMARK [3][-]{subsubsection.6.5.8}{\376\377\000P\000a\000t\000e\000n\000t\000\040\000D\000r\000a\000w\000i\000n\000g\000\040\000G\000e\000n\000e\000r\000a\000t\000i\000o\000n}{subsection.6.5}% 24
\BOOKMARK [3][-]{subsubsection.6.5.9}{\376\377\000D\000e\000s\000i\000g\000n\000\040\000A\000n\000a\000l\000y\000s\000i\000s}{subsection.6.5}% 25
\BOOKMARK [3][-]{subsubsection.6.5.10}{\376\377\000C\000l\000i\000e\000n\000t\000\040\000A\000n\000n\000o\000t\000a\000t\000i\000o\000n\000\040\000T\000o\000o\000l\000s}{subsection.6.5}% 26
\BOOKMARK [3][-]{subsubsection.6.5.11}{\376\377\000I\000m\000a\000g\000e\000\040\000S\000e\000c\000u\000r\000i\000t\000y}{subsection.6.5}% 27
\BOOKMARK [3][-]{subsubsection.6.5.12}{\376\377\000V\000i\000s\000i\000o\000n\000\040\000T\000r\000a\000c\000k\000i\000n\000g}{subsection.6.5}% 28
\BOOKMARK [3][-]{subsubsection.6.5.13}{\376\377\000M\000o\000d\000u\000l\000a\000r\000\040\000U\000I}{subsection.6.5}% 29
\BOOKMARK [3][-]{subsubsection.6.5.14}{\376\377\000S\000t\000y\000l\000e\000\040\000R\000e\000f\000e\000r\000e\000n\000c\000e\000s}{subsection.6.5}% 30
\BOOKMARK [3][-]{subsubsection.6.5.15}{\376\377\000T\000h\000e\000m\000a\000t\000i\000c\000\040\000S\000l\000i\000d\000e\000r\000s}{subsection.6.5}% 31
\BOOKMARK [3][-]{subsubsection.6.5.16}{\376\377\000P\000r\000e\000s\000e\000t\000\040\000M\000a\000n\000a\000g\000e\000m\000e\000n\000t}{subsection.6.5}% 32
\BOOKMARK [3][-]{subsubsection.6.5.17}{\376\377\000E\000x\000p\000o\000r\000t\000\040\000O\000p\000t\000i\000o\000n\000s}{subsection.6.5}% 33
\BOOKMARK [3][-]{subsubsection.6.5.18}{\376\377\000H\000i\000s\000t\000o\000r\000y\000\040\000T\000r\000e\000e\000\040\000a\000n\000d\000\040\000V\000i\000s\000u\000a\000l\000\040\000D\000i\000f\000f}{subsection.6.5}% 34
\BOOKMARK [1][-]{section.7}{\376\377\000C\000l\000a\000i\000m\000s}{}% 35
\BOOKMARK [1][-]{section.8}{\376\377\000C\000o\000n\000c\000l\000u\000s\000i\000o\000n}{}% 36
