This is pdfTeX, Version 3.141592653-2.6-1.40.26 (TeX Live 2024) (preloaded format=pdflatex 2024.10.3)  4 OCT 2024 11:00
entering extended mode
 restricted \write18 enabled.
 file:line:error style messages enabled.
 %&-line parsing enabled.
**"/Users/justinelange/Library/CloudStorage/Dropbox/Pratt/2024 Summer/AI in Industrial Design Rendering/writing/patent/System and Method for Automated Training Data Generation for AI-Assisted Design Using Object Groupings and Semantic Labeling.tex"
(/Users/justinelange/Library/CloudStorage/Dropbox/Pratt/2024 Summer/AI in Industrial Design Rendering/writing/patent/System and Method for Automated Training Data Generation for AI-Assisted Design Using Object Groupings and Semantic Labeling.tex
LaTeX2e <2023-11-01> patch level 1
L3 programming layer <2024-02-20>
(/usr/local/texlive/2024/texmf-dist/tex/latex/base/article.cls
Document Class: article 2023/05/17 v1.4n Standard LaTeX document class
(/usr/local/texlive/2024/texmf-dist/tex/latex/base/size10.clo
File: size10.clo 2023/05/17 v1.4n Standard LaTeX file (size option)
)
\c@part=\count188
\c@section=\count189
\c@subsection=\count190
\c@subsubsection=\count191
\c@paragraph=\count192
\c@subparagraph=\count193
\c@figure=\count194
\c@table=\count195
\abovecaptionskip=\skip48
\belowcaptionskip=\skip49
\bibindent=\dimen140
) (/usr/local/texlive/2024/texmf-dist/tex/latex/graphics/graphicx.sty
Package: graphicx 2021/09/16 v1.2d Enhanced LaTeX Graphics (DPC,SPQR)
 (/usr/local/texlive/2024/texmf-dist/tex/latex/graphics/keyval.sty
Package: keyval 2022/05/29 v1.15 key=value parser (DPC)
\KV@toks@=\toks17
) (/usr/local/texlive/2024/texmf-dist/tex/latex/graphics/graphics.sty
Package: graphics 2022/03/10 v1.4e Standard LaTeX Graphics (DPC,SPQR)
 (/usr/local/texlive/2024/texmf-dist/tex/latex/graphics/trig.sty
Package: trig 2021/08/11 v1.11 sin cos tan (DPC)
) (/usr/local/texlive/2024/texmf-dist/tex/latex/graphics-cfg/graphics.cfg
File: graphics.cfg 2016/06/04 v1.11 sample graphics configuration
)
Package graphics Info: Driver file: pdftex.def on input line 107.
 (/usr/local/texlive/2024/texmf-dist/tex/latex/graphics-def/pdftex.def
File: pdftex.def 2022/09/22 v1.2b Graphics/color driver for pdftex
))
\Gin@req@height=\dimen141
\Gin@req@width=\dimen142
) (/usr/local/texlive/2024/texmf-dist/tex/latex/hyperref/hyperref.sty
Package: hyperref 2024-01-20 v7.01h Hypertext links for LaTeX
 (/usr/local/texlive/2024/texmf-dist/tex/generic/iftex/iftex.sty
Package: iftex 2022/02/03 v1.0f TeX engine tests
) (/usr/local/texlive/2024/texmf-dist/tex/latex/kvsetkeys/kvsetkeys.sty
Package: kvsetkeys 2022-10-05 v1.19 Key value parser (HO)
) (/usr/local/texlive/2024/texmf-dist/tex/generic/kvdefinekeys/kvdefinekeys.sty
Package: kvdefinekeys 2019-12-19 v1.6 Define keys (HO)
) (/usr/local/texlive/2024/texmf-dist/tex/generic/pdfescape/pdfescape.sty
Package: pdfescape 2019/12/09 v1.15 Implements pdfTeX's escape features (HO)
 (/usr/local/texlive/2024/texmf-dist/tex/generic/ltxcmds/ltxcmds.sty
Package: ltxcmds 2023-12-04 v1.26 LaTeX kernel commands for general use (HO)
) (/usr/local/texlive/2024/texmf-dist/tex/generic/pdftexcmds/pdftexcmds.sty
Package: pdftexcmds 2020-06-27 v0.33 Utility functions of pdfTeX for LuaTeX (HO)
 (/usr/local/texlive/2024/texmf-dist/tex/generic/infwarerr/infwarerr.sty
Package: infwarerr 2019/12/03 v1.5 Providing info/warning/error messages (HO)
)
Package pdftexcmds Info: \pdf@primitive is available.
Package pdftexcmds Info: \pdf@ifprimitive is available.
Package pdftexcmds Info: \pdfdraftmode found.
)) (/usr/local/texlive/2024/texmf-dist/tex/latex/hycolor/hycolor.sty
Package: hycolor 2020-01-27 v1.10 Color options for hyperref/bookmark (HO)
) (/usr/local/texlive/2024/texmf-dist/tex/latex/auxhook/auxhook.sty
Package: auxhook 2019-12-17 v1.6 Hooks for auxiliary files (HO)
) (/usr/local/texlive/2024/texmf-dist/tex/latex/hyperref/nameref.sty
Package: nameref 2023-11-26 v2.56 Cross-referencing by name of section
 (/usr/local/texlive/2024/texmf-dist/tex/latex/refcount/refcount.sty
Package: refcount 2019/12/15 v3.6 Data extraction from label references (HO)
) (/usr/local/texlive/2024/texmf-dist/tex/generic/gettitlestring/gettitlestring.sty
Package: gettitlestring 2019/12/15 v1.6 Cleanup title references (HO)
 (/usr/local/texlive/2024/texmf-dist/tex/latex/kvoptions/kvoptions.sty
Package: kvoptions 2022-06-15 v3.15 Key value format for package options (HO)
))
\c@section@level=\count196
) (/usr/local/texlive/2024/texmf-dist/tex/latex/etoolbox/etoolbox.sty
Package: etoolbox 2020/10/05 v2.5k e-TeX tools for LaTeX (JAW)
\etb@tempcnta=\count197
)
\@linkdim=\dimen143
\Hy@linkcounter=\count198
\Hy@pagecounter=\count199
 (/usr/local/texlive/2024/texmf-dist/tex/latex/hyperref/pd1enc.def
File: pd1enc.def 2024-01-20 v7.01h Hyperref: PDFDocEncoding definition (HO)
Now handling font encoding PD1 ...
... no UTF-8 mapping file for font encoding PD1
) (/usr/local/texlive/2024/texmf-dist/tex/generic/intcalc/intcalc.sty
Package: intcalc 2019/12/15 v1.3 Expandable calculations with integers (HO)
)
\Hy@SavedSpaceFactor=\count266
 (/usr/local/texlive/2024/texmf-dist/tex/latex/hyperref/puenc.def
File: puenc.def 2024-01-20 v7.01h Hyperref: PDF Unicode definition (HO)
Now handling font encoding PU ...
... no UTF-8 mapping file for font encoding PU
)
Package hyperref Info: Hyper figures OFF on input line 4179.
Package hyperref Info: Link nesting OFF on input line 4184.
Package hyperref Info: Hyper index ON on input line 4187.
Package hyperref Info: Plain pages OFF on input line 4194.
Package hyperref Info: Backreferencing OFF on input line 4199.
Package hyperref Info: Implicit mode ON; LaTeX internals redefined.
Package hyperref Info: Bookmarks ON on input line 4446.
\c@Hy@tempcnt=\count267
 (/usr/local/texlive/2024/texmf-dist/tex/latex/url/url.sty
\Urlmuskip=\muskip16
Package: url 2013/09/16  ver 3.4  Verb mode for urls, etc.
)
LaTeX Info: Redefining \url on input line 4784.
\XeTeXLinkMargin=\dimen144
 (/usr/local/texlive/2024/texmf-dist/tex/generic/bitset/bitset.sty
Package: bitset 2019/12/09 v1.3 Handle bit-vector datatype (HO)
 (/usr/local/texlive/2024/texmf-dist/tex/generic/bigintcalc/bigintcalc.sty
Package: bigintcalc 2019/12/15 v1.5 Expandable calculations on big integers (HO)
))
\Fld@menulength=\count268
\Field@Width=\dimen145
\Fld@charsize=\dimen146
Package hyperref Info: Hyper figures OFF on input line 6063.
Package hyperref Info: Link nesting OFF on input line 6068.
Package hyperref Info: Hyper index ON on input line 6071.
Package hyperref Info: backreferencing OFF on input line 6078.
Package hyperref Info: Link coloring OFF on input line 6083.
Package hyperref Info: Link coloring with OCG OFF on input line 6088.
Package hyperref Info: PDF/A mode OFF on input line 6093.
 (/usr/local/texlive/2024/texmf-dist/tex/latex/base/atbegshi-ltx.sty
Package: atbegshi-ltx 2021/01/10 v1.0c Emulation of the original atbegshi
package with kernel methods
)
\Hy@abspage=\count269
\c@Item=\count270
\c@Hfootnote=\count271
)
Package hyperref Info: Driver (autodetected): hpdftex.
 (/usr/local/texlive/2024/texmf-dist/tex/latex/hyperref/hpdftex.def
File: hpdftex.def 2024-01-20 v7.01h Hyperref driver for pdfTeX
 (/usr/local/texlive/2024/texmf-dist/tex/latex/base/atveryend-ltx.sty
Package: atveryend-ltx 2020/08/19 v1.0a Emulation of the original atveryend package
with kernel methods
)
\Fld@listcount=\count272
\c@bookmark@seq@number=\count273
 (/usr/local/texlive/2024/texmf-dist/tex/latex/rerunfilecheck/rerunfilecheck.sty
Package: rerunfilecheck 2022-07-10 v1.10 Rerun checks for auxiliary files (HO)
 (/usr/local/texlive/2024/texmf-dist/tex/generic/uniquecounter/uniquecounter.sty
Package: uniquecounter 2019/12/15 v1.4 Provide unlimited unique counter (HO)
)
Package uniquecounter Info: New unique counter `rerunfilecheck' on input line 285.
)
\Hy@SectionHShift=\skip50
) (/usr/local/texlive/2024/texmf-dist/tex/latex/l3backend/l3backend-pdftex.def
File: l3backend-pdftex.def 2024-02-20 L3 backend support: PDF output (pdfTeX)
\l__color_backend_stack_int=\count274
\l__pdf_internal_box=\box51
) (./System and Method for Automated Training Data Generation for AI-Assisted Design Using Object Groupings and Semantic Labeling.aux)
\openout1 = `"System and Method for Automated Training Data Generation for AI-Assisted Design Using Object Groupings and Semantic Labeling.aux"'.

LaTeX Font Info:    Checking defaults for OML/cmm/m/it on input line 8.
LaTeX Font Info:    ... okay on input line 8.
LaTeX Font Info:    Checking defaults for OMS/cmsy/m/n on input line 8.
LaTeX Font Info:    ... okay on input line 8.
LaTeX Font Info:    Checking defaults for OT1/cmr/m/n on input line 8.
LaTeX Font Info:    ... okay on input line 8.
LaTeX Font Info:    Checking defaults for T1/cmr/m/n on input line 8.
LaTeX Font Info:    ... okay on input line 8.
LaTeX Font Info:    Checking defaults for TS1/cmr/m/n on input line 8.
LaTeX Font Info:    ... okay on input line 8.
LaTeX Font Info:    Checking defaults for OMX/cmex/m/n on input line 8.
LaTeX Font Info:    ... okay on input line 8.
LaTeX Font Info:    Checking defaults for U/cmr/m/n on input line 8.
LaTeX Font Info:    ... okay on input line 8.
LaTeX Font Info:    Checking defaults for PD1/pdf/m/n on input line 8.
LaTeX Font Info:    ... okay on input line 8.
LaTeX Font Info:    Checking defaults for PU/pdf/m/n on input line 8.
LaTeX Font Info:    ... okay on input line 8.
 (/usr/local/texlive/2024/texmf-dist/tex/context/base/mkii/supp-pdf.mkii
[Loading MPS to PDF converter (version 2006.09.02).]
\scratchcounter=\count275
\scratchdimen=\dimen147
\scratchbox=\box52
\nofMPsegments=\count276
\nofMParguments=\count277
\everyMPshowfont=\toks18
\MPscratchCnt=\count278
\MPscratchDim=\dimen148
\MPnumerator=\count279
\makeMPintoPDFobject=\count280
\everyMPtoPDFconversion=\toks19
) (/usr/local/texlive/2024/texmf-dist/tex/latex/epstopdf-pkg/epstopdf-base.sty
Package: epstopdf-base 2020-01-24 v2.11 Base part for package epstopdf
Package epstopdf-base Info: Redefining graphics rule for `.eps' on input line 485.
 (/usr/local/texlive/2024/texmf-dist/tex/latex/latexconfig/epstopdf-sys.cfg
File: epstopdf-sys.cfg 2010/07/13 v1.3 Configuration of (r)epstopdf for TeX Live
))
Package hyperref Info: Link coloring OFF on input line 8.
 (./System and Method for Automated Training Data Generation for AI-Assisted Design Using Object Groupings and Semantic Labeling.out) (./System and Method for Automated Training Data Generation for AI-Assisted Design Using Object Groupings and Semantic Labeling.out)
\@outlinefile=\write3
\openout3 = `"System and Method for Automated Training Data Generation for AI-Assisted Design Using Object Groupings and Semantic Labeling.out"'.

 [1

{/usr/local/texlive/2024/texmf-var/fonts/map/pdftex/updmap/pdftex.map}]
Overfull \hbox (0.94496pt too wide) in paragraph at lines 29--30
\OT1/cmr/m/n/10 This in-ven-tion di-rectly ad-dresses sev-eral cru-cial lim-i-ta-tions of cur-rent AI-assisted
 []

[2{/usr/local/texlive/2024/texmf-dist/fonts/enc/dvips/cm-super/cm-super-ts1.enc}] [3]
Overfull \hbox (3.29234pt too wide) in paragraph at lines 59--60
[]\OT1/cmr/m/n/10 Location-Based Back-grounds (Google Maps In-te-gra-tion, Depth Maps, Con-
 []

/Users/justinelange/Library/CloudStorage/Dropbox/Pratt/2024 Summer/AI in Industrial Design Rendering/writing/patent/System and Method for Automated Training Data Generation for AI-Assisted Design Using Object Groupings and Semantic Labeling.tex:61: Misplaced alignment tab character &.
l.61     \item Mass &
                      Volume Calculations (Cost Estimation, Environmental Im...
I can't figure out why you would want to use a tab mark
here. If you just want an ampersand, the remedy is
simple: Just type `I\&' now. But if some right brace
up above has ended a previous alignment prematurely,
you're probably due for more error messages, and you
might try typing `S' now just to see what is salvageable.

[4]

/Users/justinelange/Library/CloudStorage/Dropbox/Pratt/2024 Summer/AI in Industrial Design Rendering/writing/patent/System and Method for Automated Training Data Generation for AI-Assisted Design Using Object Groupings and Semantic Labeling.tex:92: LaTeX Error: \begin{document} ended by \end{summary of the invention}.

See the LaTeX manual or LaTeX Companion for explanation.
Type  H <return>  for immediate help.
 ...                                              
                                                  
l.92 \end{summary of the invention}
                                   
Your command was ignored.
Type  I <command> <return>  to replace it with another command,
or  <return>  to continue without it.

/Users/justinelange/Library/CloudStorage/Dropbox/Pratt/2024 Summer/AI in Industrial Design Rendering/writing/patent/System and Method for Automated Training Data Generation for AI-Assisted Design Using Object Groupings and Semantic Labeling.tex:92: Extra \endgroup.
<recently read> \endgroup 
                          
l.92 \end{summary of the invention}
                                   
Things are pretty mixed up, but I think the worst is over.

/Users/justinelange/Library/CloudStorage/Dropbox/Pratt/2024 Summer/AI in Industrial Design Rendering/writing/patent/System and Method for Automated Training Data Generation for AI-Assisted Design Using Object Groupings and Semantic Labeling.tex:115: Missing $ inserted.
<inserted text> 
                $
l.115 ...anges are used, referencing the MATERIAL_
                                                  LIST and create_random_mat...
I've inserted a begin-math/end-math symbol since I think
you left one out. Proceed, with fingers crossed.

LaTeX Font Info:    External font `cmex10' loaded for size
(Font)              <7> on input line 115.
LaTeX Font Info:    External font `cmex10' loaded for size
(Font)              <5> on input line 115.
/Users/justinelange/Library/CloudStorage/Dropbox/Pratt/2024 Summer/AI in Industrial Design Rendering/writing/patent/System and Method for Automated Training Data Generation for AI-Assisted Design Using Object Groupings and Semantic Labeling.tex:121: Missing $ inserted.
<inserted text> 
                $
l.121 
      
I've inserted a begin-math/end-math symbol since I think
you left one out. Proceed, with fingers crossed.


Overfull \hbox (59.34648pt too wide) in paragraph at lines 112--121
\OT1/cmr/m/n/10 MATERIAL$[]\OML/cmm/m/it/10 ISTandcreate[]andom[]aterial\OT1/cmr/m/n/10 ()\OML/cmm/m/it/10 functionfromthecode:b:CameraViewpoints \OT1/cmr/m/n/10 :
 []


Overfull \hbox (864.34097pt too wide) in paragraph at lines 112--121
\OML/cmm/m/it/10 Explainhowcamerapositions; angles; orientations; andfocallengthsarevaried:Referencethegenerate[]amera[]ositions\OT1/cmr/m/n/10 ()\OML/cmm/m/it/10 andgenerate[]iewpoint[]escription\OT1/cmr/m/n/10 ()\OML/cmm/m/it/10 functionsfromthecode; explaininghowheroshotandorbitalrepresentationmodesareimplemented:c:LightingConditions \OT1/cmr/m/n/10 :
 []


Overfull \hbox (712.06348pt too wide) in paragraph at lines 112--121
\OML/cmm/m/it/10 Describetheprocessofgeneratingdiverselightingscenarios; includingvariationsinintensity; direction; colortemperature; andtypeoflightsource:Referencethegenerate[]ighting[]ariation\OT1/cmr/m/n/10 ()\OML/cmm/m/it/10 andapply[]ighting[]o[]ender\OT1/cmr/m/n/10 ()\OML/cmm/m/it/10 functions:d:Backgrounds \OT1/cmr/m/n/10 :
 []


Overfull \hbox (541.10089pt too wide) in paragraph at lines 112--121
\OML/cmm/m/it/10 Explainhowdifferentbackgroundsareappliedtotherenderedimages; includingsolidcolors; gradients; textures; patterns; andenvironmentalcontexts:DiscusstheintegrationwithGoogleMapsforlocation \OMS/cmsy/m/n/10 ^^@
 []


Overfull \hbox (15.75081pt too wide) in paragraph at lines 112--121
\OML/cmm/m/it/10 basedbackgrounds; usingdepthmapsandControlNet:\OT1/cmr/m/n/10 3\OML/cmm/m/it/10 :SemanticLabelGeneration \OT1/cmr/m/n/10 :
 []


Overfull \hbox (1160.98798pt too wide) in paragraph at lines 112--121
\OML/cmm/m/it/10 Detailtheprocessofautomaticallygeneratingdescriptivetextlabelsforeachvariation:Explainhowthelabelsincorporateinformationaboutobjectgroupings; appliedvariations; anddesignintent:Referencethegenerate[]aption\OT1/cmr/m/n/10 ()\OML/cmm/m/it/10 functionandexplainhowitcombinesdifferentelementstocreateacomprehensivecaption:\OT1/cmr/m/n/10 4\OML/cmm/m/it/10 :DataAugmentationTechniques \OT1/cmr/m/n/10 :
 []


Overfull \hbox (283.29472pt too wide) in paragraph at lines 112--121
\OML/cmm/m/it/10 Discussanyadditionaldataaugmentationtechniquesusedtofurtherdiversifythetrainingdataset\OT1/cmr/m/n/10 (\OML/cmm/m/it/10 e:g:; randomcropping; rotation; noiseaddition\OT1/cmr/m/n/10 )\OML/cmm/m/it/10 :$ 
 []

[5]
/Users/justinelange/Library/CloudStorage/Dropbox/Pratt/2024 Summer/AI in Industrial Design Rendering/writing/patent/System and Method for Automated Training Data Generation for AI-Assisted Design Using Object Groupings and Semantic Labeling.tex:136: Misplaced alignment tab character &.
l.136          d. Mass &
                         Volume Calculations:  Explain how the system calcul...
I can't figure out why you would want to use a tab mark
here. If you just want an ampersand, the remedy is
simple: Just type `I\&' now. But if some right brace
up above has ended a previous alignment prematurely,
you're probably due for more error messages, and you
might try typing `S' now just to see what is salvageable.

[6]

/Users/justinelange/Library/CloudStorage/Dropbox/Pratt/2024 Summer/AI in Industrial Design Rendering/writing/patent/System and Method for Automated Training Data Generation for AI-Assisted Design Using Object Groupings and Semantic Labeling.tex:163: LaTeX Error: \begin{document} ended by \end{Outline of the Detailed Description}.

See the LaTeX manual or LaTeX Companion for explanation.
Type  H <return>  for immediate help.
 ...                                              
                                                  
l.163 \end{Outline of the Detailed Description}
                                               
Your command was ignored.
Type  I <command> <return>  to replace it with another command,
or  <return>  to continue without it.

/Users/justinelange/Library/CloudStorage/Dropbox/Pratt/2024 Summer/AI in Industrial Design Rendering/writing/patent/System and Method for Automated Training Data Generation for AI-Assisted Design Using Object Groupings and Semantic Labeling.tex:163: Extra \endgroup.
<recently read> \endgroup 
                          
l.163 \end{Outline of the Detailed Description}
                                               
Things are pretty mixed up, but I think the worst is over.

[7])
! Emergency stop.
<*> ...Object Groupings and Semantic Labeling.tex"
                                                  
*** (job aborted, no legal \end found)

 
Here is how much of TeX's memory you used:
 8331 strings out of 474116
 132358 string characters out of 5743682
 1939187 words of memory out of 5000000
 30615 multiletter control sequences out of 15000+600000
 560221 words of font info for 43 fonts, out of 8000000 for 9000
 1141 hyphenation exceptions out of 8191
 75i,5n,79p,2095b,502s stack positions out of 10000i,1000n,20000p,200000b,200000s
!  ==> Fatal error occurred, no output PDF file produced!
